(0) 19:14:39 [impl::ParticipantImpl]:185 in configure: [0mThis is preCICE version 3.4.0
(0) 19:14:39 [impl::ParticipantImpl]:186 in configure: [0mRevision info: no-info [git failed to run]
(0) 19:14:39 [impl::ParticipantImpl]:205 in configure: [0mBuild type: Release (without debug log)
(0) 19:14:39 [impl::ParticipantImpl]:207 in configure: [0mWorking directory "/media/tb-xingliwei/PDE/nuclear-engine"
(0) 19:14:39 [impl::ParticipantImpl]:211 in configure: [0mConfiguring preCICE with configuration "config_unified.xml"
(0) 19:14:39 [impl::ParticipantImpl]:212 in configure: [0mI am participant "OpenMC"
(0) 19:14:49 [impl::ParticipantImpl]:335 in setupCommunication: [0mSetting up primary communication to coupling partner/s
(0) 19:14:49 [impl::ParticipantImpl]:351 in setupCommunication: [0mPrimary ranks are connected
(0) 19:14:50 [impl::ParticipantImpl]:357 in setupCommunication: [0mSetting up preliminary secondary communication to coupling partner/s
(0) 19:14:50 [partition::ProvidedPartition]:120 in prepare: [0mPrepare partition for mesh MeshOne
(0) 19:14:54 [partition::ProvidedPartition]:87 in communicate: [0mGather mesh MeshOne
(0) 19:14:54 [partition::ProvidedPartition]:104 in communicate: [0mSend global mesh MeshOne
(0) 19:14:56 [impl::ParticipantImpl]:366 in setupCommunication: [0mSetting up secondary communication to coupling partner/s
(0) 19:14:56 [impl::ParticipantImpl]:373 in setupCommunication: [0mSecondary ranks are connected
(0) 19:14:56 [impl::ParticipantImpl]:298 in initialize: [0mit 1 (min: 1, max: 10), time-window 1, t 0 (max: 1), Dt 0.01, max-dt 0.01
(0) 19:15:15 [impl::ParticipantImpl]:457 in advance: [0mit 2 (min: 1, max: 10), time-window 1, t 0 (max: 1), Dt 0.01, max-dt 0.01
(0) 19:15:33 [cplscheme::BaseCouplingScheme]:391 in secondExchange: [0mTime window completed
(0) 19:15:33 [impl::ParticipantImpl]:457 in advance: [0mit 1 (min: 1, max: 10), time-window 2, t 0.01 (max: 1), Dt 0.01, max-dt 0.01
(0) 19:15:51 [cplscheme::BaseCouplingScheme]:391 in secondExchange: [0mTime window completed
(0) 19:15:51 [impl::ParticipantImpl]:457 in advance: [0mit 1 (min: 1, max: 10), time-window 3, t 0.02 (max: 1), Dt 0.01, max-dt 0.01
(0) 19:16:08 [cplscheme::BaseCouplingScheme]:391 in secondExchange: [0mTime window completed
(0) 19:16:08 [impl::ParticipantImpl]:457 in advance: [0mit 1 (min: 1, max: 10), time-window 4, t 0.03 (max: 1), Dt 0.01, max-dt 0.01
(0) 19:16:25 [cplscheme::BaseCouplingScheme]:391 in secondExchange: [0mTime window completed
(0) 19:16:25 [impl::ParticipantImpl]:457 in advance: [0mit 1 (min: 1, max: 10), time-window 5, t 0.04 (max: 1), Dt 0.01, max-dt 0.01
(0) 19:16:25 [impl::ParticipantImpl]:1832 in closeCommunicationChannels: [0mClose communication channels
[OpenMC] 500┬│ õ╝śÕī¢ńēłÕÉ»ÕŖ©...
OpenMC: 59,319,000 ńé╣
ńö¤µłÉńĮæµĀ╝...
ķĪČńé╣: 711.8 MB
dt=0.01
  [OpenMC] ÕåÖÕģźµŻĆµ¤źńé╣
µŁź 1: T=300.0K
µŁź 2: T=300.0K
  [OpenMC] Ķ»╗ÕÅ¢µŻĆµ¤źńé╣
  [OpenMC] ÕåÖÕģźµŻĆµ¤źńé╣
µŁź 3: T=300.0K
  [OpenMC] ÕåÖÕģźµŻĆµ¤źńé╣
µŁź 4: T=300.0K
  [OpenMC] ÕåÖÕģźµŻĆµ¤źńé╣
µŁź 5: T=300.0K
OpenMC Õ«īµłÉ
